#
# There is insufficient memory for the Java Runtime Environment to continue.
# Native memory allocation (mmap) failed to map 134217728 bytes for G1 virtual space
# Possible reasons:
#   The system is out of physical RAM or swap space
#   The process is running with CompressedOops enabled, and the Java Heap may be blocking the growth of the native heap
# Possible solutions:
#   Reduce memory load on the system
#   Increase physical memory or swap space
#   Check if swap backing store is full
#   Decrease Java heap size (-Xmx/-Xms)
#   Decrease number of Java threads
#   Decrease Java thread stack sizes (-Xss)
#   Set larger code cache with -XX:ReservedCodeCacheSize=
#   JVM is running with Unscaled Compressed Oops mode in which the Java heap is
#     placed in the first 4GB address space. The Java Heap base address is the
#     maximum limit for the native heap growth. Please use -XX:HeapBaseMinAddress
#     to set the Java Heap base and to place the Java Heap above 4GB virtual address.
# This output file may be truncated or incomplete.
#
#  Out of Memory Error (os_windows.cpp:3600), pid=12460, tid=14580
#
# JRE version:  (21.0.2+13) (build )
# Java VM: Java HotSpot(TM) 64-Bit Server VM (21.0.2+13-LTS-58, mixed mode, sharing, tiered, compressed oops, compressed class ptrs, g1 gc, windows-amd64)
# No core dump will be written. Minidumps are not enabled by default on client versions of Windows
#

---------------  S U M M A R Y ------------

Command Line: -Dfile.encoding=UTF-8 -XX:+ShowCodeDetailsInExceptionMessages com.febbatch.Frameclass

Host: Intel(R) Core(TM) i5-8250U CPU @ 1.60GHz, 8 cores, 7G,  Windows 10 , 64 bit Build 19041 (10.0.19041.2251)
Time: Tue May 21 23:02:55 2024 India Standard Time elapsed time: 0.102110 seconds (0d 0h 0m 0s)

---------------  T H R E A D  ---------------

Current thread (0x000001efd6cc6d30):  JavaThread "Unknown thread" [_thread_in_vm, id=14580, stack(0x000000d36f700000,0x000000d36f800000) (1024K)]

Stack: [0x000000d36f700000,0x000000d36f800000]
Native frames: (J=compiled Java code, j=interpreted, Vv=VM code, C=native code)
V  [jvm.dll+0x6cade9]
V  [jvm.dll+0x8569c1]
V  [jvm.dll+0x858d2e]
V  [jvm.dll+0x859413]
V  [jvm.dll+0x280e56]
V  [jvm.dll+0x6c74d5]
V  [jvm.dll+0x6bbeca]
V  [jvm.dll+0x355bca]
V  [jvm.dll+0x35d816]
V  [jvm.dll+0x3ae67e]
V  [jvm.dll+0x3ae928]
V  [jvm.dll+0x3295dc]
V  [jvm.dll+0x32a16b]
V  [jvm.dll+0x81efa9]
V  [jvm.dll+0x3bba01]
V  [jvm.dll+0x807928]
V  [jvm.dll+0x44f50e]
V  [jvm.dll+0x450e11]
C  [jli.dll+0x52a3]
C  [ucrtbase.dll+0x21bb2]
C  [KERNEL32.DLL+0x174b4]
C  [ntdll.dll+0x526a1]


---------------  P R O C E S S  ---------------

Threads class SMR info:
_java_thread_list=0x00007ffb4dd1bb88, length=0, elements={
}

Java Threads: ( => current thread )
Total: 0

Other Threads:
  0x000001efd8e92fd0 WorkerThread "GC Thread#0"                     [id=27548, stack(0x000000d36f800000,0x000000d36f900000) (1024K)]
  0x000001efd8ea4e00 ConcurrentGCThread "G1 Main Marker"            [id=11196, stack(0x000000d36f900000,0x000000d36fa00000) (1024K)]
  0x000001efd8ea67c0 WorkerThread "G1 Conc#0"                       [id=13668, stack(0x000000d36fa00000,0x000000d36fb00000) (1024K)]

[error occurred during error reporting (printing all threads), id 0xc0000005, EXCEPTION_ACCESS_VIOLATION (0xc0000005) at pc=0x00007ffb4d48c6a7]
VM state: not at safepoint (not fully initialized)

VM Mutex/Monitor currently owned by a thread:  ([mutex/lock_event])
[0x00007ffb4dd8ce68] Heap_lock - owner thread: 0x000001efd6cc6d30

Heap address: 0x0000000081400000, size: 2028 MB, Compressed Oops mode: 32-bit

CDS archive(s) mapped at: [0x0000000000000000-0x0000000000000000-0x0000000000000000), size 0, SharedBaseAddress: 0x0000000800000000, ArchiveRelocationMode: 1.
Narrow klass base: 0x0000000000000000, Narrow klass shift: 0, Narrow klass range: 0x0

GC Precious Log:
 CardTable entry size: 512
 Card Set container configuration: InlinePtr #cards 5 size 8 Array Of Cards #cards 12 size 40 Howl #buckets 4 coarsen threshold 1843 Howl Bitmap #cards 512 size 80 coarsen threshold 460 Card regions per heap region 1 cards per card region 2048

Heap:
 garbage-first heap   total 0K, used 0K [0x0000000081400000, 0x0000000100000000)
  region size 1024K, 0 young (0K), 0 survivors (0K)

[error occurred during error reporting (printing heap information), id 0xc0000005, EXCEPTION_ACCESS_VIOLATION (0xc0000005) at pc=0x00007ffb4d8739f9]
GC Heap History (0 events):
No events

Dll operation events (1 events):
Event: 0.008 Loaded shared library C:\Program Files\Java\jdk-21\bin\java.dll

Deoptimization events (0 events):
No events

Classes loaded (0 events):
No events

Classes unloaded (0 events):
No events

Classes redefined (0 events):
No events

Internal exceptions (0 events):
No events

ZGC Phase Switch (0 events):
No events

VM Operations (0 events):
No events

Events (0 events):
No events


Dynamic libraries:
0x00007ff6213c0000 - 0x00007ff6213d0000 	C:\Program Files\Java\jdk-21\bin\javaw.exe
0x00007ffb92a10000 - 0x00007ffb92c08000 	C:\WINDOWS\SYSTEM32\ntdll.dll
0x00007ffb90d50000 - 0x00007ffb90e0f000 	C:\WINDOWS\System32\KERNEL32.DLL
0x00007ffb903e0000 - 0x00007ffb906b2000 	C:\WINDOWS\System32\KERNELBASE.dll
0x00007ffb90110000 - 0x00007ffb90210000 	C:\WINDOWS\System32\ucrtbase.dll
0x00007ffb85160000 - 0x00007ffb8517b000 	C:\Program Files\Java\jdk-21\bin\VCRUNTIME140.dll
0x00007ffb8d300000 - 0x00007ffb8d319000 	C:\Program Files\Java\jdk-21\bin\jli.dll
0x00007ffb90b90000 - 0x00007ffb90c3e000 	C:\WINDOWS\System32\ADVAPI32.dll
0x00007ffb90ed0000 - 0x00007ffb90f6e000 	C:\WINDOWS\System32\msvcrt.dll
0x00007ffb90a60000 - 0x00007ffb90afc000 	C:\WINDOWS\System32\sechost.dll
0x00007ffb91570000 - 0x00007ffb91695000 	C:\WINDOWS\System32\RPCRT4.dll
0x00007ffb921a0000 - 0x00007ffb9233d000 	C:\WINDOWS\System32\USER32.dll
0x00007ffb90210000 - 0x00007ffb90232000 	C:\WINDOWS\System32\win32u.dll
0x00007ffb815a0000 - 0x00007ffb8183a000 	C:\WINDOWS\WinSxS\amd64_microsoft.windows.common-controls_6595b64144ccf1df_6.0.19041.1110_none_60b5254171f9507e\COMCTL32.dll
0x00007ffb91540000 - 0x00007ffb9156b000 	C:\WINDOWS\System32\GDI32.dll
0x00007ffb90820000 - 0x00007ffb9092f000 	C:\WINDOWS\System32\gdi32full.dll
0x00007ffb90340000 - 0x00007ffb903dd000 	C:\WINDOWS\System32\msvcp_win.dll
0x00007ffb86da0000 - 0x00007ffb86daa000 	C:\WINDOWS\SYSTEM32\VERSION.dll
0x00007ffb912d0000 - 0x00007ffb91302000 	C:\WINDOWS\System32\IMM32.DLL
0x00007ffb8d2f0000 - 0x00007ffb8d2fc000 	C:\Program Files\Java\jdk-21\bin\vcruntime140_1.dll
0x00007ffb73af0000 - 0x00007ffb73b7e000 	C:\Program Files\Java\jdk-21\bin\msvcp140.dll
0x00007ffb4d150000 - 0x00007ffb4de67000 	C:\Program Files\Java\jdk-21\bin\server\jvm.dll
0x00007ffb92340000 - 0x00007ffb923ab000 	C:\WINDOWS\System32\WS2_32.dll
0x00007ffb8f6f0000 - 0x00007ffb8f73b000 	C:\WINDOWS\SYSTEM32\POWRPROF.dll
0x00007ffb85000000 - 0x00007ffb85027000 	C:\WINDOWS\SYSTEM32\WINMM.dll
0x00007ffb8f550000 - 0x00007ffb8f562000 	C:\WINDOWS\SYSTEM32\UMPDC.dll
0x00007ffb8e960000 - 0x00007ffb8e972000 	C:\WINDOWS\SYSTEM32\kernel.appcore.dll
0x00007ffb8a230000 - 0x00007ffb8a23a000 	C:\Program Files\Java\jdk-21\bin\jimage.dll
0x00007ffb8dd50000 - 0x00007ffb8df34000 	C:\WINDOWS\SYSTEM32\DBGHELP.DLL
0x00007ffb71af0000 - 0x00007ffb71b1c000 	C:\WINDOWS\SYSTEM32\dbgcore.DLL
0x00007ffb909a0000 - 0x00007ffb90a22000 	C:\WINDOWS\System32\bcryptPrimitives.dll
0x00007ffb85120000 - 0x00007ffb8513f000 	C:\Program Files\Java\jdk-21\bin\java.dll

dbghelp: loaded successfully - version: 4.0.5 - missing functions: none
symbol engine: initialized successfully - sym options: 0x614 - pdb path: .;C:\Program Files\Java\jdk-21\bin;C:\WINDOWS\SYSTEM32;C:\WINDOWS\WinSxS\amd64_microsoft.windows.common-controls_6595b64144ccf1df_6.0.19041.1110_none_60b5254171f9507e;C:\Program Files\Java\jdk-21\bin\server

VM Arguments:
jvm_args: -Dfile.encoding=UTF-8 -XX:+ShowCodeDetailsInExceptionMessages 
java_command: com.febbatch.Frameclass
java_class_path (initial): F:\Rishikessh\Selenium\bin;C:\Users\sai\Downloads\selenium-java-4.14.1\selenium-api-4.14.1.jar;C:\Users\sai\Downloads\selenium-java-4.14.1\selenium-api-4.14.1-sources.jar;C:\Users\sai\Downloads\selenium-java-4.14.1\selenium-chrome-driver-4.14.1.jar;C:\Users\sai\Downloads\selenium-java-4.14.1\selenium-chrome-driver-4.14.1-sources.jar;C:\Users\sai\Downloads\selenium-java-4.14.1\selenium-chromium-driver-4.14.1.jar;C:\Users\sai\Downloads\selenium-java-4.14.1\selenium-chromium-driver-4.14.1-sources.jar;C:\Users\sai\Downloads\selenium-java-4.14.1\selenium-devtools-v85-4.14.1.jar;C:\Users\sai\Downloads\selenium-java-4.14.1\selenium-devtools-v85-4.14.1-sources.jar;C:\Users\sai\Downloads\selenium-java-4.14.1\selenium-devtools-v116-4.14.1.jar;C:\Users\sai\Downloads\selenium-java-4.14.1\selenium-devtools-v116-4.14.1-sources.jar;C:\Users\sai\Downloads\selenium-java-4.14.1\selenium-devtools-v117-4.14.1.jar;C:\Users\sai\Downloads\selenium-java-4.14.1\selenium-devtools-v117-4.14.1-sources.jar;C:\Users\sai\Downloads\selenium-java-4.14.1\selenium-devtools-v118-4.14.1.jar;C:\Users\sai\Downloads\selenium-java-4.14.1\selenium-devtools-v118-4.14.1-sources.jar;C:\Users\sai\Downloads\selenium-java-4.14.1\selenium-edge-driver-4.14.1.jar;C:\Users\sai\Downloads\selenium-java-4.14.1\selenium-edge-driver-4.14.1-sources.jar;C:\Users\sai\Downloads\selenium-java-4.14.1\selenium-firefox-driver-4.14.1.jar;C:\Users\sai\Downloads\selenium-java-4.14.1\selenium-firefox-driver-4.14.1-sources.jar;C:\Users\sai\Downloads\selenium-java-4.14.1\selenium-http-4.14.1.jar;C:\Users\sai\Downloads\selenium-java-4.14.1\selenium-http-4.14.1-sources.jar;C:\Users\sai\Downloads\selenium-java-4.14.1\selenium-ie-driver-4.14.1.jar;C:\Users\sai\Downloads\selenium-java-4.14.1\selenium-ie-driver-4.14.1-sources.jar;C:\Users\sai\Downloads\selenium-java-4.14.1\selenium-java-4.14.1.jar;C:\Users\sai\Downloads\selenium-java-4.14.1\selenium-java-4.14.1-sources.jar;C:\Users\sai\Downloads\selenium-java-4.14.1\selenium-json-4.14.1.jar;C:\Users\sai\Downloads\selenium-java-4.14.1\selenium-json-4.14.1-sources.jar;C:\Users\sai\Downloads\selenium-java-4.14.1\selenium-manager-4.14.1.jar;C:\Users\sai\Downloads\selenium-java-4.14.1\selenium-manager-4.14.1-sources.jar;C:\Users\sai\Downloads\selenium-java-4.14.1\selenium-os-4.14.1.jar;C:\Users\sai\Downloads\selenium-java-4.14.1\selenium-os-4.14.1-sources.jar;C:\Users\sai\Downloads\selenium-java-4.14.1\selenium-remote-driver-4.14.1.jar;C:\Users\sai\Downloads\selenium-java-4.14.1\selenium-remote-driver-4.14.1-sources.jar;C:\Users\sai\Downloads\selenium-java-4.14.1\selenium-safari-driver-4.14.1.jar;C:\Users\sai\Downloads\selenium-java-4.14.1\selenium-safari-driver-4.14.1-sources.jar;C:\Users\sai\Downloads\selenium-java-4.14.1\selenium-support-4.14.1.jar;C:\Users\sai\Downloads\selenium-java-4.14.1\selenium-support-4.14.1-sources.jar;C:\Users\sai\Downloads\selenium-java-4.14.1\lib\auto-service-annotations-1.1.1.jar;C:\Users\sai\Downloads\selenium-java-4.14.1\lib\byte-buddy-1.14.5.jar;C:\Users\sai\Downloads\selenium-java-4.14.1\lib\checker-qual-3.33.0.jar;C:\Users\sai\Downloads\selenium-java-4.14.1\lib\commons-exec-1.3.jar;C:\Users\sai\Downloads\selenium-java-4.14.1\lib\error_prone_annotations-2.18.0.jar;C:\Users\sai\Downloads\selenium-java-4.14.1\lib\failsafe-3.3.2.jar;C:\Users\sai\Downloads\selenium-java-4.14.1\lib\failureaccess-1.0.1.jar;C:\Users\sai\Downloads\selenium-java-4.14.1\lib\guava-32.1.2-jre.jar;C:\Users\sai\Downloads\selenium-java-4.14.1\lib\j2objc-annotations-2.8.jar;C:\Users\sai\Downloads\selenium-java-4.14.1\lib\jsr305-3.0.2.jar;C:\Users\sai\Downloads\selenium-java-4.14.1\lib\listenablefuture-9999.0-empty-to-avoid-conflict-with-guava.jar;C:\Users\sai\Downloads\selenium-java-4.14.1\lib\opentelemetry-api-1.28.0.jar;C:\Users\sai\Downloads\selenium-java-4.14.1\lib\opentelemetry-api-events-1.28.0-alpha.jar;C:\Users\sai\Downloads\selenium-java-4.14.1\lib\opentelemetry-context-1.28.0.jar;C:\Users\sai\Downloads\selenium-java-4.14.1\lib\opentelemetry-exporter-logging-1.28.0.jar;C:\Users\sai\Downloads\selenium-java-4.14.1\lib\opentelemetry-extension-incubator-1.28.0-alpha.jar;C:\Users\sai\Downloads\selenium-java-4.14.1\lib\opentelemetry-sdk-1.28.0.jar;C:\Users\sai\Downloads\selenium-java-4.14.1\lib\opentelemetry-sdk-common-1.28.0.jar;C:\Users\sai\Downloads\selenium-java-4.14.1\lib\opentelemetry-sdk-extension-autoconfigure-1.28.0.jar;C:\Users\sai\Downloads\selenium-java-4.14.1\lib\opentelemetry-sdk-extension-autoconfigure-spi-1.28.0.jar;C:\Users\sai\Downloads\selenium-java-4.14.1\lib\opentelemetry-sdk-logs-1.28.0.jar;C:\Users\sai\Downloads\selenium-java-4.14.1\lib\opentelemetry-sdk-metrics-1.28.0.jar;C:\Users\sai\Downloads\selenium-java-4.14.1\lib\opentelemetry-sdk-trace-1.28.0.jar;C:\Users\sai\Downloads\selenium-java-4.14.1\lib\opentelemetry-semconv-1.28.0-alpha.jar;C:\Users\sai\Downloads\poi-bin-5.2.3-20220909\poi-bin-5.2.3\poi-5.2.3.jar;C:\Users\sai\Downloads\poi-bin-5.2.3-20220909\poi-bin-5.2.3\poi-examples-5.2.3.jar;C:\Users\sai\Downloads\poi-bin-5.2.3-20220909\poi-bin-5.2.3\poi-excelant-5.2.3.jar;C:\Users\sai\Downloads\poi-bin-5.2.3-20220909\poi-bin-5.2.3\poi-javadoc-5.2.3.jar;C:\Users\sai\Downloads\poi-bin-5.2.3-20220909\poi-bin-5.2.3\poi-ooxml-5.2.3.jar;C:\Users\sai\Downloads\poi-bin-5.2.3-20220909\poi-bin-5.2.3\poi-ooxml-full-5.2.3.jar;C:\Users\sai\Downloads\poi-bin-5.2.3-20220909\poi-bin-5.2.3\poi-ooxml-lite-5.2.3.jar;C:\Users\sai\Downloads\poi-bin-5.2.3-20220909\poi-bin-5.2.3\poi-scratchpad-5.2.3.jar;C:\Users\sai\Downloads\poi-bin-5.2.3-20220909\poi-bin-5.2.3\lib\commons-codec-1.15.jar;C:\Users\sai\Downloads\poi-bin-5.2.3-20220909\poi-bin-5.2.3\lib\commons-collections4-4.4.jar;C:\Users\sai\Downloads\poi-bin-5.2.3-20220909\poi-bin-5.2.3\lib\commons-io-2.11.0.jar;C:\Users\sai\Downloads\poi-bin-5.2.3-20220909\poi-bin-5.2.3\lib\commons-math3-3.6.1.jar;C:\Users\sai\Downloads\poi-bin-5.2.3-20220909\poi-bin-5.2.3\lib\log4j-api-2.18.0.jar;C:\Users\sai\Downloads\poi-bin-5.2.3-20220909\poi-bin-5.2.3\lib\SparseBitSet-1.2.jar;C:\Users\sai\Downloads\poi-bin-5.2.3-20220909\poi-bin-5.2.3\ooxml-lib\commons-compress-1.21.jar;C:\Users\sai\Downloads\poi-bin-5.2.3-20220909\poi-bin-5.2.3\ooxml-lib\commons-logging-1.2.jar;C:\Users\sai\Downloads\poi-bin-5.2.3-20220909\poi-bin-5.2.3\ooxml-lib\curvesapi-1.07.jar;C:\Users\sai\Downloads\poi-bin-5.2.3-20220909\poi-bin-5.2.3\ooxml-lib\jakarta.activation-2.0.1.jar;C:\Users\sai\Downloads\poi-bin-5.2.3-20220909\poi-bin-5.2.3\ooxml-lib\jakarta.xml.bind-api-3.0.1.jar;C:\Users\sai\Downloads\poi-bin-5.2.3-20220909\poi-bin-5.2.3\ooxml-lib\slf4j-api-1.7.36.jar;C:\Users\sai\Downloads\poi-bin-5.2.3-20220909\poi-bin-5.2.3\ooxml-lib\xmlbeans-5.1.1.jar
Launcher Type: SUN_STANDARD

[Global flags]
     intx CICompilerCount                          = 4                                         {product} {ergonomic}
     uint ConcGCThreads                            = 2                                         {product} {ergonomic}
     uint G1ConcRefinementThreads                  = 8                                         {product} {ergonomic}
   size_t G1HeapRegionSize                         = 1048576                                   {product} {ergonomic}
    uintx GCDrainStackTargetSize                   = 64                                        {product} {ergonomic}
   size_t InitialHeapSize                          = 134217728                                 {product} {ergonomic}
   size_t MarkStackSize                            = 4194304                                   {product} {ergonomic}
   size_t MaxHeapSize                              = 2126512128                                {product} {ergonomic}
   size_t MinHeapDeltaBytes                        = 1048576                                   {product} {ergonomic}
   size_t MinHeapSize                              = 8388608                                   {product} {ergonomic}
    uintx NonNMethodCodeHeapSize                   = 5839372                                {pd product} {ergonomic}
    uintx NonProfiledCodeHeapSize                  = 122909434                              {pd product} {ergonomic}
    uintx ProfiledCodeHeapSize                     = 122909434                              {pd product} {ergonomic}
    uintx ReservedCodeCacheSize                    = 251658240                              {pd product} {ergonomic}
     bool SegmentedCodeCache                       = true                                      {product} {ergonomic}
     bool ShowCodeDetailsInExceptionMessages       = true                                   {manageable} {command line}
   size_t SoftMaxHeapSize                          = 2126512128                             {manageable} {ergonomic}
     bool UseCompressedOops                        = true                           {product lp64_product} {ergonomic}
     bool UseG1GC                                  = true                                      {product} {ergonomic}
     bool UseLargePagesIndividualAllocation        = false                                  {pd product} {ergonomic}

Logging:
Log output configuration:
 #0: stdout all=warning uptime,level,tags foldmultilines=false
 #1: stderr all=off uptime,level,tags foldmultilines=false

Environment Variables:
JAVA_HOME=C:\Program Files\Java\jdk-18.0.1.1
PATH=C:\Program Files\Common Files\Oracle\Java\javapath;C:\WINDOWS\system32;C:\WINDOWS;C:\WINDOWS\System32\Wbem;C:\WINDOWS\System32\WindowsPowerShell\v1.0\;C:\Program Files (x86)\Microsoft SQL Server\110\Tools\Binn\;C:\Program Files\Microsoft SQL Server\110\Tools\Binn\;C:\Program Files\Microsoft SQL Server\110\DTS\Binn\;C:\Program Files (x86)\Windows Kits\8.1\Windows Performance Toolkit\;C:\WINDOWS\System32\OpenSSH\;C:\Program Files\Java\jdk-18\bin;C:\Program Files\Java\jdk-18.0.1.1\bin;C:\Program Files\nodejs\;C:\Program Files\Microsoft SQL Server\Client SDK\ODBC\170\Tools\Binn\;C:\Program Files (x86)\Microsoft SQL Server\150\Tools\Binn\;C:\Program Files\Microsoft SQL Server\150\Tools\Binn\;C:\Program Files\Microsoft SQL Server\150\DTS\Binn\;C:\Program Files (x86)\Microsoft SQL Server\150\DTS\Binn\;C:\Program Files\Azure Data Studio\bin;C:\Program Files\Git\cmd;F:\download\software\New folder\apache-maven-3.9.1-bin\apache-maven-3.9.1\bin;C:\Program Files\Java\jdk-18.0.1.1\bin;C:\Program Files\dotnet\;C:\Users\sai\AppData\Local\Microsoft\WindowsApps;%PyCharm Community Edition%;C:\Program Files\JetBrains\IntelliJ IDEA Community Edition 2022.1\bin;;C:\Program Files (x86)\mingw-w64\bin;C:\Users\sai\AppData\Roaming\npm;C:\Program Files\Azure Data Studio\bin
USERNAME=sai
OS=Windows_NT
PROCESSOR_IDENTIFIER=Intel64 Family 6 Model 142 Stepping 10, GenuineIntel
TMP=C:\Users\sai\AppData\Local\Temp
TEMP=C:\Users\sai\AppData\Local\Temp




Periodic native trim disabled

---------------  S Y S T E M  ---------------

OS:
 Windows 10 , 64 bit Build 19041 (10.0.19041.2251)
OS uptime: 6 days 9:25 hours

CPU: total 8 (initial active 8) (4 cores per cpu, 2 threads per core) family 6 model 142 stepping 10 microcode 0xb4, cx8, cmov, fxsr, ht, mmx, 3dnowpref, sse, sse2, sse3, ssse3, sse4.1, sse4.2, popcnt, lzcnt, tsc, tscinvbit, avx, avx2, aes, erms, clmul, bmi1, bmi2, adx, fma, vzeroupper, clflush, clflushopt, rdtscp, f16c
Processor Information for all 8 processors :
  Max Mhz: 1801, Current Mhz: 1801, Mhz Limit: 1801

Memory: 4k page, system-wide physical 8108M (1360M free)
TotalPageFile size 20540M (AvailPageFile size 118M)
current process WorkingSet (physical memory assigned to process): 10M, peak: 10M
current process commit charge ("private bytes"): 60M, peak: 188M

vm_info: Java HotSpot(TM) 64-Bit Server VM (21.0.2+13-LTS-58) for windows-amd64 JRE (21.0.2+13-LTS-58), built on 2024-01-05T18:32:24Z by "mach5one" with MS VC++ 17.1 (VS2022)

END.
